{
  "stats": {
    "suites": 1,
    "tests": 4,
    "passes": 0,
    "pending": 0,
    "failures": 4,
    "start": "2021-11-09T00:25:05.789Z",
    "end": "2021-11-09T00:25:06.535Z",
    "duration": 746,
    "testsRegistered": 4,
    "passPercent": 0,
    "pendingPercent": 0,
    "other": 0,
    "hasOther": false,
    "skipped": 0,
    "hasSkipped": false
  },
  "results": [
    {
      "uuid": "d1e92598-3e17-4e59-a0df-6f6b9f5794b0",
      "title": "",
      "fullFile": "cypress/integration/features/api/teste_api.feature",
      "file": "cypress/integration/features/api/teste_api.feature",
      "beforeHooks": [],
      "afterHooks": [],
      "tests": [],
      "suites": [
        {
          "uuid": "d85b8238-c063-4930-9949-6a390ad42bc6",
          "title": "Login - validar login com sucesso",
          "fullFile": "",
          "file": "",
          "beforeHooks": [],
          "afterHooks": [],
          "tests": [
            {
              "title": "Teste de api simples",
              "fullTitle": "Login - validar login com sucesso Teste de api simples",
              "timedOut": null,
              "duration": 226,
              "state": "failed",
              "speed": null,
              "pass": false,
              "fail": true,
              "pending": false,
              "context": null,
              "code": "const state = window.testState;\nreturn cy\n  .then(() => state.onStartScenario(scenario, indexedSteps))\n  .then(() =>\n    resolveAndRunBeforeHooks.call(this, scenario.tags, state.feature.name)\n  )\n  .then(() =>\n    indexedSteps.forEach((step) =>\n      stepTest.call(this, state, step, rowData)\n    )\n  )\n  .then(() => state.onFinishScenario(scenario));",
              "err": {
                "message": "Error: Step implementation missing for: quando fazer a chamar de get da api",
                "estack": "Error: Step implementation missing for: quando fazer a chamar de get da api\n    at Context.resolveAndRunStepDefinition (https://sofistautomacao.souionicahml.com/__cypress/tests?p=cypress/integration/features/api/teste_api.feature-608:10434:11)\n    at Context.<anonymous> (https://sofistautomacao.souionicahml.com/__cypress/tests?p=cypress/integration/features/api/teste_api.feature-608:9749:35)",
                "diff": null
              },
              "uuid": "5dec9573-cd7b-40ea-b037-3fdfee5fa808",
              "parentUUID": "d85b8238-c063-4930-9949-6a390ad42bc6",
              "isHook": false,
              "skipped": false
            },
            {
              "title": "Teste de api simples",
              "fullTitle": "Login - validar login com sucesso Teste de api simples",
              "timedOut": null,
              "duration": 154,
              "state": "failed",
              "speed": null,
              "pass": false,
              "fail": true,
              "pending": false,
              "context": null,
              "code": "const state = window.testState;\nreturn cy\n  .then(() => state.onStartScenario(scenario, indexedSteps))\n  .then(() =>\n    resolveAndRunBeforeHooks.call(this, scenario.tags, state.feature.name)\n  )\n  .then(() =>\n    indexedSteps.forEach((step) =>\n      stepTest.call(this, state, step, rowData)\n    )\n  )\n  .then(() => state.onFinishScenario(scenario));",
              "err": {
                "message": "Error: Step implementation missing for: quando fazer a chamar de post da api",
                "estack": "Error: Step implementation missing for: quando fazer a chamar de post da api\n    at Context.resolveAndRunStepDefinition (https://sofistautomacao.souionicahml.com/__cypress/tests?p=cypress/integration/features/api/teste_api.feature-608:10434:11)\n    at Context.<anonymous> (https://sofistautomacao.souionicahml.com/__cypress/tests?p=cypress/integration/features/api/teste_api.feature-608:9749:35)",
                "diff": null
              },
              "uuid": "e48ea962-4807-42a1-b389-e7d1c3cf0706",
              "parentUUID": "d85b8238-c063-4930-9949-6a390ad42bc6",
              "isHook": false,
              "skipped": false
            },
            {
              "title": "teste api get reqres",
              "fullTitle": "Login - validar login com sucesso teste api get reqres",
              "timedOut": null,
              "duration": 135,
              "state": "failed",
              "speed": null,
              "pass": false,
              "fail": true,
              "pending": false,
              "context": null,
              "code": "const state = window.testState;\nreturn cy\n  .then(() => state.onStartScenario(scenario, indexedSteps))\n  .then(() =>\n    resolveAndRunBeforeHooks.call(this, scenario.tags, state.feature.name)\n  )\n  .then(() =>\n    indexedSteps.forEach((step) =>\n      stepTest.call(this, state, step, rowData)\n    )\n  )\n  .then(() => state.onFinishScenario(scenario));",
              "err": {
                "message": "Error: Step implementation missing for: quando tenho uma url válida para teste",
                "estack": "Error: Step implementation missing for: quando tenho uma url válida para teste\n    at Context.resolveAndRunStepDefinition (https://sofistautomacao.souionicahml.com/__cypress/tests?p=cypress/integration/features/api/teste_api.feature-608:10434:11)\n    at Context.<anonymous> (https://sofistautomacao.souionicahml.com/__cypress/tests?p=cypress/integration/features/api/teste_api.feature-608:9749:35)",
                "diff": null
              },
              "uuid": "a7dacb08-0874-47d2-8d06-a64959988652",
              "parentUUID": "d85b8238-c063-4930-9949-6a390ad42bc6",
              "isHook": false,
              "skipped": false
            },
            {
              "title": "teste api post reqres",
              "fullTitle": "Login - validar login com sucesso teste api post reqres",
              "timedOut": null,
              "duration": 153,
              "state": "failed",
              "speed": null,
              "pass": false,
              "fail": true,
              "pending": false,
              "context": null,
              "code": "const state = window.testState;\nreturn cy\n  .then(() => state.onStartScenario(scenario, indexedSteps))\n  .then(() =>\n    resolveAndRunBeforeHooks.call(this, scenario.tags, state.feature.name)\n  )\n  .then(() =>\n    indexedSteps.forEach((step) =>\n      stepTest.call(this, state, step, rowData)\n    )\n  )\n  .then(() => state.onFinishScenario(scenario));",
              "err": {
                "message": "Error: Step implementation missing for: quando tenho uma payload válido teste",
                "estack": "Error: Step implementation missing for: quando tenho uma payload válido teste\n    at Context.resolveAndRunStepDefinition (https://sofistautomacao.souionicahml.com/__cypress/tests?p=cypress/integration/features/api/teste_api.feature-608:10434:11)\n    at Context.<anonymous> (https://sofistautomacao.souionicahml.com/__cypress/tests?p=cypress/integration/features/api/teste_api.feature-608:9749:35)",
                "diff": null
              },
              "uuid": "f7b12e25-5c39-4fc2-b1e5-46c7c0063f99",
              "parentUUID": "d85b8238-c063-4930-9949-6a390ad42bc6",
              "isHook": false,
              "skipped": false
            }
          ],
          "suites": [],
          "passes": [],
          "failures": [
            "5dec9573-cd7b-40ea-b037-3fdfee5fa808",
            "e48ea962-4807-42a1-b389-e7d1c3cf0706",
            "a7dacb08-0874-47d2-8d06-a64959988652",
            "f7b12e25-5c39-4fc2-b1e5-46c7c0063f99"
          ],
          "pending": [],
          "skipped": [],
          "duration": 668,
          "root": false,
          "rootEmpty": false,
          "_timeout": 2000
        }
      ],
      "passes": [],
      "failures": [],
      "pending": [],
      "skipped": [],
      "duration": 0,
      "root": true,
      "rootEmpty": true,
      "_timeout": 2000
    }
  ],
  "meta": {
    "mocha": {
      "version": "5.2.0"
    },
    "mochawesome": {
      "options": {
        "quiet": false,
        "reportFilename": "mochawesome",
        "saveHtml": true,
        "saveJson": true,
        "consoleReporter": "spec",
        "useInlineDiffs": false
      },
      "version": "4.1.0"
    },
    "marge": {
      "options": {
        "overwrite": "false",
        "reportPageTitle": "Automated Test Status",
        "reportTitle": "Automated Test Reporting Dashboard",
        "showPassed": "true",
        "autoOpen": "false",
        "charts": "true",
        "code": "false"
      },
      "version": "4.1.0"
    }
  }
}