{
  "stats": {
    "suites": 1,
    "tests": 1,
    "passes": 1,
    "pending": 0,
    "failures": 0,
    "start": "2021-11-08T20:44:20.096Z",
    "end": "2021-11-08T20:44:32.351Z",
    "duration": 12255,
    "testsRegistered": 1,
    "passPercent": 100,
    "pendingPercent": 0,
    "other": 0,
    "hasOther": false,
    "skipped": 0,
    "hasSkipped": false
  },
  "results": [
    {
      "uuid": "63f0d160-9420-478b-9c19-2684a95f4cf8",
      "title": "",
      "fullFile": "cypress/integration/features/front/teste_front.feature",
      "file": "cypress/integration/features/front/teste_front.feature",
      "beforeHooks": [],
      "afterHooks": [],
      "tests": [],
      "suites": [
        {
          "uuid": "f0d98c40-ec94-4ba4-9103-4dc73d506300",
          "title": "Navigation",
          "fullFile": "",
          "file": "",
          "beforeHooks": [],
          "afterHooks": [],
          "tests": [
            {
              "title": "Clicking the Home link on the homepage shows home page",
              "fullTitle": "Navigation Clicking the Home link on the homepage shows home page",
              "timedOut": null,
              "duration": 11484,
              "state": "passed",
              "speed": "slow",
              "pass": true,
              "fail": false,
              "pending": false,
              "context": null,
              "code": "const state = window.testState;\nreturn cy\n  .then(() => state.onStartScenario(scenario, indexedSteps))\n  .then(() =>\n    resolveAndRunBeforeHooks.call(this, scenario.tags, state.feature.name)\n  )\n  .then(() =>\n    indexedSteps.forEach((step) =>\n      stepTest.call(this, state, step, rowData)\n    )\n  )\n  .then(() => state.onFinishScenario(scenario));",
              "err": {},
              "uuid": "9a66849e-e637-493f-913d-f5d7f57ca824",
              "parentUUID": "f0d98c40-ec94-4ba4-9103-4dc73d506300",
              "isHook": false,
              "skipped": false
            }
          ],
          "suites": [],
          "passes": [
            "9a66849e-e637-493f-913d-f5d7f57ca824"
          ],
          "failures": [],
          "pending": [],
          "skipped": [],
          "duration": 11484,
          "root": false,
          "rootEmpty": false,
          "_timeout": 2000
        }
      ],
      "passes": [],
      "failures": [],
      "pending": [],
      "skipped": [],
      "duration": 0,
      "root": true,
      "rootEmpty": true,
      "_timeout": 2000
    }
  ],
  "meta": {
    "mocha": {
      "version": "5.2.0"
    },
    "mochawesome": {
      "options": {
        "quiet": false,
        "reportFilename": "mochawesome",
        "saveHtml": true,
        "saveJson": true,
        "consoleReporter": "spec",
        "useInlineDiffs": false
      },
      "version": "4.1.0"
    },
    "marge": {
      "options": {
        "overwrite": "false",
        "reportPageTitle": "Automated Test Status",
        "reportTitle": "Automated Test Reporting Dashboard",
        "showPassed": "true",
        "autoOpen": "false",
        "charts": "true",
        "code": "false"
      },
      "version": "4.1.0"
    }
  }
}