{
  "stats": {
    "suites": 1,
    "tests": 1,
    "passes": 0,
    "pending": 0,
    "failures": 1,
    "start": "2021-11-09T00:25:08.825Z",
    "end": "2021-11-09T00:25:09.111Z",
    "duration": 286,
    "testsRegistered": 1,
    "passPercent": 0,
    "pendingPercent": 0,
    "other": 0,
    "hasOther": false,
    "skipped": 0,
    "hasSkipped": false
  },
  "results": [
    {
      "uuid": "328d9036-f3b3-4e8a-a074-222433cd4aea",
      "title": "",
      "fullFile": "cypress/integration/features/front/teste_front.feature",
      "file": "cypress/integration/features/front/teste_front.feature",
      "beforeHooks": [],
      "afterHooks": [],
      "tests": [],
      "suites": [
        {
          "uuid": "f8042ac9-3007-4b99-8fda-1c6511a14b45",
          "title": "Navigation",
          "fullFile": "",
          "file": "",
          "beforeHooks": [],
          "afterHooks": [],
          "tests": [
            {
              "title": "Clicking the Home link on the homepage shows home page",
              "fullTitle": "Navigation Clicking the Home link on the homepage shows home page",
              "timedOut": null,
              "duration": 237,
              "state": "failed",
              "speed": null,
              "pass": false,
              "fail": true,
              "pending": false,
              "context": null,
              "code": "const state = window.testState;\nreturn cy\n  .then(() => state.onStartScenario(scenario, indexedSteps))\n  .then(() =>\n    resolveAndRunBeforeHooks.call(this, scenario.tags, state.feature.name)\n  )\n  .then(() =>\n    indexedSteps.forEach((step) =>\n      stepTest.call(this, state, step, rowData)\n    )\n  )\n  .then(() => state.onFinishScenario(scenario));",
              "err": {
                "message": "Error: Step implementation missing for: que tenha acessado a pagina inicial de login",
                "estack": "Error: Step implementation missing for: que tenha acessado a pagina inicial de login\n    at Context.resolveAndRunStepDefinition (https://sofistautomacao.souionicahml.com/__cypress/tests?p=cypress/integration/features/front/teste_front.feature-179:10434:11)\n    at Context.<anonymous> (https://sofistautomacao.souionicahml.com/__cypress/tests?p=cypress/integration/features/front/teste_front.feature-179:9749:35)",
                "diff": null
              },
              "uuid": "6fbdcb18-081d-47f9-8c27-0755dc44e3ce",
              "parentUUID": "f8042ac9-3007-4b99-8fda-1c6511a14b45",
              "isHook": false,
              "skipped": false
            }
          ],
          "suites": [],
          "passes": [],
          "failures": [
            "6fbdcb18-081d-47f9-8c27-0755dc44e3ce"
          ],
          "pending": [],
          "skipped": [],
          "duration": 237,
          "root": false,
          "rootEmpty": false,
          "_timeout": 2000
        }
      ],
      "passes": [],
      "failures": [],
      "pending": [],
      "skipped": [],
      "duration": 0,
      "root": true,
      "rootEmpty": true,
      "_timeout": 2000
    }
  ],
  "meta": {
    "mocha": {
      "version": "5.2.0"
    },
    "mochawesome": {
      "options": {
        "quiet": false,
        "reportFilename": "mochawesome",
        "saveHtml": true,
        "saveJson": true,
        "consoleReporter": "spec",
        "useInlineDiffs": false
      },
      "version": "4.1.0"
    },
    "marge": {
      "options": {
        "overwrite": "false",
        "reportPageTitle": "Automated Test Status",
        "reportTitle": "Automated Test Reporting Dashboard",
        "showPassed": "true",
        "autoOpen": "false",
        "charts": "true",
        "code": "false"
      },
      "version": "4.1.0"
    }
  }
}